<?xml version="1.0" encoding="UTF-8"?>
<!-- Generated by org.testng.reporters.JUnitReportReporter -->
<testsuite skipped="0" hostname="DESKTOP-3JGL9VF" name="xpath_demo.Xpath_myProject" tests="1" failures="0" timestamp="2020-05-20T10:55:43 IST" time="7.440" errors="0">
  <testcase name="acutalfunction" time="7.440" classname="xpath_demo.Xpath_myProject"/>
  <system-out/>
</testsuite> <!-- xpath_demo.Xpath_myProject -->
